<?xml version="1.0" encoding="UTF-8"?>
<testsuite xmlns:xsi="http://www.w3.org/2001/XMLSchema-instance" xsi:noNamespaceSchemaLocation="https://maven.apache.org/surefire/maven-surefire-plugin/xsd/surefire-test-report-3.0.xsd" version="3.0" name="com.mthree.tobiidowu.flooringMastery.dao.impl.TaxDaoFileImplTest" time="0.049" tests="4" errors="0" skipped="0" failures="0">
  <properties>
[...]
</properties>
  <testcase name="getAllTaxes_returnsSameListTwice" classname="com.mthree.tobiidowu.flooringMastery.dao.impl.TaxDaoFileImplTest" time="0.019"/>
  <testcase name="getAllTaxes_hasExpectedRatesForKnownStates" classname="com.mthree.tobiidowu.flooringMastery.dao.impl.TaxDaoFileImplTest" time="0.005"/>
  <testcase name="getAllTaxes_returnsList" classname="com.mthree.tobiidowu.flooringMastery.dao.impl.TaxDaoFileImplTest" time="0.0"/>
  <testcase name="getAllTaxes_matchesFileSizeAndContainsStates" classname="com.mthree.tobiidowu.flooringMastery.dao.impl.TaxDaoFileImplTest" time="0.006"/>
</testsuite>